<?xml version="1.0" encoding="UTF-8"?>
<testng-results skipped="0" failed="0" ignored="0" total="1" passed="1">
  <reporter-output>
  </reporter-output>
  <suite name="Default suite" duration-ms="32706" started-at="2020-02-09T17:15:55Z" finished-at="2020-02-09T17:16:28Z">
    <groups>
    </groups>
    <test name="Default test" duration-ms="32706" started-at="2020-02-09T17:15:55Z" finished-at="2020-02-09T17:16:28Z">
      <class name="com.bt.qa.testcases.CheckoutTest">
        <test-method status="PASS" signature="setUp()[pri:0, instance:com.bt.qa.testcases.CheckoutTest@6500df86]" name="setUp" is-config="true" duration-ms="16369" started-at="2020-02-09T17:15:55Z" finished-at="2020-02-09T17:16:11Z">
          <reporter-output>
          </reporter-output>
        </test-method> <!-- setUp -->
        <test-method status="PASS" signature="checkOutBook()[pri:0, instance:com.bt.qa.testcases.CheckoutTest@6500df86]" name="checkOutBook" duration-ms="14743" started-at="2020-02-09T17:16:11Z" finished-at="2020-02-09T17:16:26Z">
          <reporter-output>
          </reporter-output>
        </test-method> <!-- checkOutBook -->
        <test-method status="PASS" signature="tearDown()[pri:0, instance:com.bt.qa.testcases.CheckoutTest@6500df86]" name="tearDown" is-config="true" duration-ms="1551" started-at="2020-02-09T17:16:26Z" finished-at="2020-02-09T17:16:28Z">
          <reporter-output>
          </reporter-output>
        </test-method> <!-- tearDown -->
      </class> <!-- com.bt.qa.testcases.CheckoutTest -->
    </test> <!-- Default test -->
  </suite> <!-- Default suite -->
</testng-results>
